ERROR:root:
Traceback (most recent call last):
  File "C:/Users/Administrator/PycharmProjects/web scraping/scraping1.py", line 5, in <module>
    raise Exception
Exception
ERROR:root:
Traceback (most recent call last):
  File "C:/Users/Administrator/PycharmProjects/web scraping/scraping1.py", line 5, in <module>
    raise Exception
Exception
ERROR:root:
Traceback (most recent call last):
  File "C:/Users/Administrator/PycharmProjects/web scraping/scraping1.py", line 5, in <module>
    raise Exception
Exception
ERROR:root:
Traceback (most recent call last):
  File "C:/Users/Administrator/PycharmProjects/web scraping/scraping1.py", line 5, in <module>
    raise Exception
Exception
ERROR:root:
Traceback (most recent call last):
  File "C:/Users/Administrator/PycharmProjects/web scraping/scraping1.py", line 5, in <module>
    raise Exception
Exception
